<?xml version="1.0" encoding="UTF-8"?>
<!-- Generated by org.testng.reporters.JUnitReportReporter -->
<testsuite skipped="0" hostname="LAPTOP-0TVO43SA" name="TestCases" tests="3" failures="0" timestamp="2024-03-12T11:57:08 BDT" time="0.005" errors="0">
  <testcase name="Test3" time="0.000" classname="TestCases"/>
  <system-out/>
  <testcase name="Test2" time="0.000" classname="TestCases"/>
  <system-out/>
  <testcase name="Test1" time="0.005" classname="TestCases"/>
  <system-out/>
</testsuite> <!-- TestCases -->
